[14Apr2025 00:01:40.139] [Worker-Main-3/ERROR] [net.minecraft.world.entity.decoration.HangingEntity/]: Hanging entity at invalid position: BlockPos{x=-38, y=-58, z=9}
[14Apr2025 00:01:40.146] [Worker-Main-3/ERROR] [net.minecraft.world.entity.decoration.HangingEntity/]: Hanging entity at invalid position: BlockPos{x=-40, y=-58, z=9}
[14Apr2025 00:01:40.149] [Worker-Main-3/ERROR] [net.minecraft.world.entity.decoration.HangingEntity/]: Hanging entity at invalid position: BlockPos{x=-36, y=-58, z=0}
[14Apr2025 00:01:40.149] [Worker-Main-3/ERROR] [net.minecraft.world.entity.decoration.HangingEntity/]: Hanging entity at invalid position: BlockPos{x=-42, y=-58, z=0}
[14Apr2025 00:01:40.149] [Worker-Main-3/ERROR] [net.minecraft.world.entity.decoration.HangingEntity/]: Hanging entity at invalid position: BlockPos{x=-36, y=-58, z=4}
[14Apr2025 00:01:40.149] [Worker-Main-3/ERROR] [net.minecraft.world.entity.decoration.HangingEntity/]: Hanging entity at invalid position: BlockPos{x=-42, y=-58, z=4}
[14Apr2025 00:02:00.162] [Worker-Main-1/WARN] [net.minecraft.world.level.levelgen.heightproviders.BiasedToBottomHeight/]: Empty height range: biased[-10 absolute--15 absolute inner: 1]
[14Apr2025 00:02:06.642] [Worker-Main-2/ERROR] [net.minecraft.world.entity.decoration.HangingEntity/]: Hanging entity at invalid position: BlockPos{x=-68, y=-58, z=9}
[14Apr2025 00:02:06.643] [Worker-Main-2/ERROR] [net.minecraft.world.entity.decoration.HangingEntity/]: Hanging entity at invalid position: BlockPos{x=-70, y=-58, z=9}
[14Apr2025 00:02:06.643] [Worker-Main-2/ERROR] [net.minecraft.world.entity.decoration.HangingEntity/]: Hanging entity at invalid position: BlockPos{x=-66, y=-58, z=0}
[14Apr2025 00:02:06.643] [Worker-Main-2/ERROR] [net.minecraft.world.entity.decoration.HangingEntity/]: Hanging entity at invalid position: BlockPos{x=-66, y=-58, z=4}
[14Apr2025 00:02:39.573] [Worker-Main-1/ERROR] [net.minecraft.world.entity.decoration.HangingEntity/]: Hanging entity at invalid position: BlockPos{x=-38, y=-58, z=9}
[14Apr2025 00:02:39.574] [Worker-Main-1/ERROR] [net.minecraft.world.entity.decoration.HangingEntity/]: Hanging entity at invalid position: BlockPos{x=-40, y=-58, z=9}
[14Apr2025 00:02:39.574] [Worker-Main-1/ERROR] [net.minecraft.world.entity.decoration.HangingEntity/]: Hanging entity at invalid position: BlockPos{x=-36, y=-58, z=0}
[14Apr2025 00:02:39.575] [Worker-Main-1/ERROR] [net.minecraft.world.entity.decoration.HangingEntity/]: Hanging entity at invalid position: BlockPos{x=-42, y=-58, z=0}
[14Apr2025 00:02:39.575] [Worker-Main-1/ERROR] [net.minecraft.world.entity.decoration.HangingEntity/]: Hanging entity at invalid position: BlockPos{x=-36, y=-58, z=4}
[14Apr2025 00:02:39.576] [Worker-Main-1/ERROR] [net.minecraft.world.entity.decoration.HangingEntity/]: Hanging entity at invalid position: BlockPos{x=-42, y=-58, z=4}
[14Apr2025 00:02:40.771] [Worker-Main-1/ERROR] [net.minecraft.world.entity.decoration.HangingEntity/]: Hanging entity at invalid position: BlockPos{x=-23, y=-58, z=9}
[14Apr2025 00:02:40.771] [Worker-Main-1/ERROR] [net.minecraft.world.entity.decoration.HangingEntity/]: Hanging entity at invalid position: BlockPos{x=-25, y=-58, z=9}
[14Apr2025 00:02:40.771] [Worker-Main-1/ERROR] [net.minecraft.world.entity.decoration.HangingEntity/]: Hanging entity at invalid position: BlockPos{x=-21, y=-58, z=0}
[14Apr2025 00:02:40.772] [Worker-Main-1/ERROR] [net.minecraft.world.entity.decoration.HangingEntity/]: Hanging entity at invalid position: BlockPos{x=-27, y=-58, z=0}
[14Apr2025 00:02:40.772] [Worker-Main-1/ERROR] [net.minecraft.world.entity.decoration.HangingEntity/]: Hanging entity at invalid position: BlockPos{x=-21, y=-58, z=4}
[14Apr2025 00:02:40.772] [Worker-Main-1/ERROR] [net.minecraft.world.entity.decoration.HangingEntity/]: Hanging entity at invalid position: BlockPos{x=-27, y=-58, z=4}
[14Apr2025 00:02:50.270] [Worker-Main-2/WARN] [net.minecraft.world.level.levelgen.heightproviders.BiasedToBottomHeight/]: Empty height range: biased[-10 absolute--15 absolute inner: 1]
[14Apr2025 00:03:16.698] [Server thread/INFO] [net.minecraft.server.MinecraftServer/]: hugoelverdugo has made the advancement [Monster Hunter]
[14Apr2025 00:03:17.556] [Worker-Main-2/WARN] [net.minecraft.world.level.levelgen.heightproviders.BiasedToBottomHeight/]: Empty height range: biased[-3 absolute--5 absolute inner: 1]
[14Apr2025 00:03:18.667] [Worker-Main-3/ERROR] [net.minecraft.world.entity.decoration.HangingEntity/]: Hanging entity at invalid position: BlockPos{x=-51, y=-58, z=8}
[14Apr2025 00:03:18.668] [Worker-Main-3/ERROR] [net.minecraft.world.entity.decoration.HangingEntity/]: Hanging entity at invalid position: BlockPos{x=-53, y=-58, z=8}
[14Apr2025 00:03:18.668] [Worker-Main-3/ERROR] [net.minecraft.world.entity.decoration.HangingEntity/]: Hanging entity at invalid position: BlockPos{x=-49, y=-58, z=3}
[14Apr2025 00:03:18.668] [Worker-Main-3/ERROR] [net.minecraft.world.entity.decoration.HangingEntity/]: Hanging entity at invalid position: BlockPos{x=-55, y=-58, z=3}
[14Apr2025 00:03:18.668] [Worker-Main-3/ERROR] [net.minecraft.world.entity.decoration.HangingEntity/]: Hanging entity at invalid position: BlockPos{x=-49, y=-58, z=-1}
[14Apr2025 00:03:18.669] [Worker-Main-3/ERROR] [net.minecraft.world.entity.decoration.HangingEntity/]: Hanging entity at invalid position: BlockPos{x=-55, y=-58, z=-1}
[14Apr2025 00:03:19.406] [Worker-Main-3/ERROR] [net.minecraft.world.entity.decoration.HangingEntity/]: Hanging entity at invalid position: BlockPos{x=-23, y=-58, z=9}
[14Apr2025 00:03:19.407] [Worker-Main-3/ERROR] [net.minecraft.world.entity.decoration.HangingEntity/]: Hanging entity at invalid position: BlockPos{x=-25, y=-58, z=9}
[14Apr2025 00:03:19.407] [Worker-Main-3/ERROR] [net.minecraft.world.entity.decoration.HangingEntity/]: Hanging entity at invalid position: BlockPos{x=-21, y=-58, z=0}
[14Apr2025 00:03:19.407] [Worker-Main-3/ERROR] [net.minecraft.world.entity.decoration.HangingEntity/]: Hanging entity at invalid position: BlockPos{x=-27, y=-58, z=0}
[14Apr2025 00:03:19.407] [Worker-Main-3/ERROR] [net.minecraft.world.entity.decoration.HangingEntity/]: Hanging entity at invalid position: BlockPos{x=-21, y=-58, z=4}
[14Apr2025 00:03:19.408] [Worker-Main-3/ERROR] [net.minecraft.world.entity.decoration.HangingEntity/]: Hanging entity at invalid position: BlockPos{x=-27, y=-58, z=4}
[14Apr2025 00:06:11.904] [Worker-Main-2/ERROR] [net.minecraft.world.entity.decoration.HangingEntity/]: Hanging entity at invalid position: BlockPos{x=-38, y=-58, z=9}
[14Apr2025 00:06:11.904] [Worker-Main-2/ERROR] [net.minecraft.world.entity.decoration.HangingEntity/]: Hanging entity at invalid position: BlockPos{x=-40, y=-58, z=9}
[14Apr2025 00:06:11.904] [Worker-Main-2/ERROR] [net.minecraft.world.entity.decoration.HangingEntity/]: Hanging entity at invalid position: BlockPos{x=-36, y=-58, z=0}
[14Apr2025 00:06:11.905] [Worker-Main-2/ERROR] [net.minecraft.world.entity.decoration.HangingEntity/]: Hanging entity at invalid position: BlockPos{x=-42, y=-58, z=0}
[14Apr2025 00:06:11.905] [Worker-Main-2/ERROR] [net.minecraft.world.entity.decoration.HangingEntity/]: Hanging entity at invalid position: BlockPos{x=-36, y=-58, z=4}
[14Apr2025 00:06:11.905] [Worker-Main-2/ERROR] [net.minecraft.world.entity.decoration.HangingEntity/]: Hanging entity at invalid position: BlockPos{x=-42, y=-58, z=4}
[14Apr2025 00:06:18.260] [Worker-Main-2/WARN] [net.minecraft.world.level.levelgen.heightproviders.BiasedToBottomHeight/]: Empty height range: biased[-3 absolute--5 absolute inner: 1]
[14Apr2025 00:06:35.626] [Worker-Main-2/ERROR] [net.minecraft.world.entity.decoration.HangingEntity/]: Hanging entity at invalid position: BlockPos{x=-23, y=-58, z=9}
[14Apr2025 00:06:35.626] [Worker-Main-2/ERROR] [net.minecraft.world.entity.decoration.HangingEntity/]: Hanging entity at invalid position: BlockPos{x=-25, y=-58, z=9}
[14Apr2025 00:06:35.627] [Worker-Main-2/ERROR] [net.minecraft.world.entity.decoration.HangingEntity/]: Hanging entity at invalid position: BlockPos{x=-21, y=-58, z=0}
[14Apr2025 00:06:35.627] [Worker-Main-2/ERROR] [net.minecraft.world.entity.decoration.HangingEntity/]: Hanging entity at invalid position: BlockPos{x=-27, y=-58, z=0}
[14Apr2025 00:06:35.627] [Worker-Main-2/ERROR] [net.minecraft.world.entity.decoration.HangingEntity/]: Hanging entity at invalid position: BlockPos{x=-21, y=-58, z=4}
[14Apr2025 00:06:35.627] [Worker-Main-2/ERROR] [net.minecraft.world.entity.decoration.HangingEntity/]: Hanging entity at invalid position: BlockPos{x=-27, y=-58, z=4}
[14Apr2025 00:06:51.093] [Server thread/INFO] [com.github.alexmodguy.alexscaves.AlexsCaves/]: Found alexscaves:magnetic_caves at -3424 -56 6859 in 7s
[14Apr2025 00:06:51.116] [Server thread/WARN] [net.minecraft.server.MinecraftServer/]: Can't keep up! Is the server overloaded? Running 2128ms or 42 ticks behind
[14Apr2025 00:07:03.185] [Worker-Main-3/ERROR] [net.minecraft.world.entity.decoration.HangingEntity/]: Hanging entity at invalid position: BlockPos{x=-51, y=-58, z=8}
[14Apr2025 00:07:03.185] [Worker-Main-3/ERROR] [net.minecraft.world.entity.decoration.HangingEntity/]: Hanging entity at invalid position: BlockPos{x=-53, y=-58, z=8}
[14Apr2025 00:07:03.186] [Worker-Main-3/ERROR] [net.minecraft.world.entity.decoration.HangingEntity/]: Hanging entity at invalid position: BlockPos{x=-49, y=-58, z=3}
[14Apr2025 00:07:03.186] [Worker-Main-3/ERROR] [net.minecraft.world.entity.decoration.HangingEntity/]: Hanging entity at invalid position: BlockPos{x=-55, y=-58, z=3}
[14Apr2025 00:07:03.187] [Worker-Main-3/ERROR] [net.minecraft.world.entity.decoration.HangingEntity/]: Hanging entity at invalid position: BlockPos{x=-49, y=-58, z=-1}
[14Apr2025 00:07:03.187] [Worker-Main-3/ERROR] [net.minecraft.world.entity.decoration.HangingEntity/]: Hanging entity at invalid position: BlockPos{x=-55, y=-58, z=-1}
[14Apr2025 00:07:27.758] [Worker-Main-3/ERROR] [net.minecraft.world.entity.decoration.HangingEntity/]: Hanging entity at invalid position: BlockPos{x=-38, y=-58, z=9}
[14Apr2025 00:07:27.758] [Worker-Main-3/ERROR] [net.minecraft.world.entity.decoration.HangingEntity/]: Hanging entity at invalid position: BlockPos{x=-40, y=-58, z=9}
[14Apr2025 00:07:27.759] [Worker-Main-3/ERROR] [net.minecraft.world.entity.decoration.HangingEntity/]: Hanging entity at invalid position: BlockPos{x=-36, y=-58, z=0}
[14Apr2025 00:07:27.759] [Worker-Main-3/ERROR] [net.minecraft.world.entity.decoration.HangingEntity/]: Hanging entity at invalid position: BlockPos{x=-42, y=-58, z=0}
[14Apr2025 00:07:27.759] [Worker-Main-3/ERROR] [net.minecraft.world.entity.decoration.HangingEntity/]: Hanging entity at invalid position: BlockPos{x=-36, y=-58, z=4}
[14Apr2025 00:07:27.759] [Worker-Main-3/ERROR] [net.minecraft.world.entity.decoration.HangingEntity/]: Hanging entity at invalid position: BlockPos{x=-42, y=-58, z=4}
[14Apr2025 00:07:39.914] [Worker-Main-2/ERROR] [net.minecraft.world.entity.decoration.HangingEntity/]: Hanging entity at invalid position: BlockPos{x=-38, y=-58, z=9}
[14Apr2025 00:07:39.915] [Worker-Main-2/ERROR] [net.minecraft.world.entity.decoration.HangingEntity/]: Hanging entity at invalid position: BlockPos{x=-40, y=-58, z=9}
[14Apr2025 00:07:39.916] [Worker-Main-2/ERROR] [net.minecraft.world.entity.decoration.HangingEntity/]: Hanging entity at invalid position: BlockPos{x=-36, y=-58, z=0}
[14Apr2025 00:07:39.916] [Worker-Main-2/ERROR] [net.minecraft.world.entity.decoration.HangingEntity/]: Hanging entity at invalid position: BlockPos{x=-42, y=-58, z=0}
[14Apr2025 00:07:39.917] [Worker-Main-2/ERROR] [net.minecraft.world.entity.decoration.HangingEntity/]: Hanging entity at invalid position: BlockPos{x=-36, y=-58, z=4}
[14Apr2025 00:07:39.918] [Worker-Main-2/ERROR] [net.minecraft.world.entity.decoration.HangingEntity/]: Hanging entity at invalid position: BlockPos{x=-42, y=-58, z=4}
[14Apr2025 00:08:13.276] [Server thread/INFO] [net.minecraft.server.MinecraftServer/]: hugoelverdugo has made the advancement [Suit Up]
[14Apr2025 00:09:00.674] [Worker-Main-2/ERROR] [net.minecraft.world.entity.decoration.HangingEntity/]: Hanging entity at invalid position: BlockPos{x=-51, y=-58, z=8}
[14Apr2025 00:09:00.674] [Worker-Main-2/ERROR] [net.minecraft.world.entity.decoration.HangingEntity/]: Hanging entity at invalid position: BlockPos{x=-53, y=-58, z=8}
[14Apr2025 00:09:00.677] [Worker-Main-2/ERROR] [net.minecraft.world.entity.decoration.HangingEntity/]: Hanging entity at invalid position: BlockPos{x=-49, y=-58, z=3}
[14Apr2025 00:09:00.678] [Worker-Main-2/ERROR] [net.minecraft.world.entity.decoration.HangingEntity/]: Hanging entity at invalid position: BlockPos{x=-55, y=-58, z=3}
[14Apr2025 00:09:00.678] [Worker-Main-2/ERROR] [net.minecraft.world.entity.decoration.HangingEntity/]: Hanging entity at invalid position: BlockPos{x=-49, y=-58, z=-1}
[14Apr2025 00:09:00.680] [Worker-Main-2/ERROR] [net.minecraft.world.entity.decoration.HangingEntity/]: Hanging entity at invalid position: BlockPos{x=-55, y=-58, z=-1}
